<?xml version="1.0" encoding="UTF-8"?>
<!-- Generated by org.testng.reporters.JUnitReportReporter -->
<testsuite hostname="LAPTOP-K8D783Q9" failures="0" tests="1" name="com.Automation.testCases.LoginPageTestCases" time="8.863" errors="0" timestamp="21 Jul 2024 03:56:59 GMT" skipped="0">
  <testcase classname="com.Automation.testCases.LoginPageTestCases" name="loginTest" time="8.863"/>
</testsuite> <!-- com.Automation.testCases.LoginPageTestCases -->
