<?xml version="1.0" encoding="UTF-8"?>
<!-- Generated by org.testng.reporters.JUnitReportReporter -->
<testsuite hostname="LAPTOP-K8D783Q9" failures="0" tests="1" name="com.Automation.testCases.TestCase_01" time="5.680" errors="0" timestamp="21 Jul 2024 01:15:43 GMT" skipped="0">
  <testcase classname="com.Automation.testCases.TestCase_01" name="verifyTitle" time="5.680"/>
</testsuite> <!-- com.Automation.testCases.TestCase_01 -->
