<?xml version="1.0" encoding="UTF-8"?>
<!-- Generated by org.testng.reporters.JUnitReportReporter -->
<testsuite hostname="LAPTOP-K8D783Q9" failures="0" tests="1" name="com.Automation.testCases.ContactsPageTestCases" time="10.760" errors="0" timestamp="23 Jul 2024 00:04:58 GMT" skipped="0">
  <testcase classname="com.Automation.testCases.ContactsPageTestCases" name="selectContactsCheckboxs" time="10.760"/>
</testsuite> <!-- com.Automation.testCases.ContactsPageTestCases -->
