<?xml version="1.0" encoding="UTF-8"?>
<!-- Generated by org.testng.reporters.JUnitReportReporter -->
<testsuite hostname="LAPTOP-K8D783Q9" failures="0" tests="3" name="com.Automation.testCases.HomePageTestCases" time="27.432" errors="0" timestamp="23 Jul 2024 00:17:49 GMT" skipped="0">
  <testcase classname="com.Automation.testCases.HomePageTestCases" name="verifyHomePageTitleTest" time="8.608"/>
  <testcase classname="com.Automation.testCases.HomePageTestCases" name="verifyUserNameTest" time="8.895"/>
  <testcase classname="com.Automation.testCases.HomePageTestCases" name="verifyClickOnContactsTest" time="9.929"/>
</testsuite> <!-- com.Automation.testCases.HomePageTestCases -->
